{
  "stats": {
    "suites": 8,
    "tests": 22,
    "passes": 16,
    "pending": 0,
    "failures": 6,
    "testsRegistered": 22,
    "passPercent": 72.72727272727273,
    "pendingPercent": 0,
    "other": 0,
    "hasOther": false,
    "skipped": 0,
    "hasSkipped": false,
    "start": "2025-09-21T07:11:35.059Z",
    "end": "2025-09-21T15:59:38.845Z",
    "duration": 31683786
  },
  "results": [
    {
      "uuid": "1c9b7885-eaa7-4461-818f-241b49695b67",
      "title": "",
      "fullFile": "cypress\\e2e\\chatbot\\chatbot.cy.js",
      "file": "cypress\\e2e\\chatbot\\chatbot.cy.js",
      "beforeHooks": [],
      "afterHooks": [],
      "tests": [],
      "suites": [
        {
          "uuid": "1404ecbc-b791-4312-8f55-811e86a8b958",
          "title": "Chatbot Tests",
          "fullFile": "",
          "file": "",
          "beforeHooks": [],
          "afterHooks": [],
          "tests": [
            {
              "title": "Should interact with chatbot",
              "fullTitle": "Chatbot Tests Should interact with chatbot",
              "timedOut": null,
              "duration": 862,
              "state": "failed",
              "speed": null,
              "pass": false,
              "fail": true,
              "pending": false,
              "context": null,
              "code": "_ChatbotPage.default.sendMessage('Hola');\n_ChatbotPage.default.elements.response().should('contain.text', 'Hola');",
              "err": {
                "message": "CypressError: `cy.visit()` failed trying to load:\n\nhttps://example-chatbot.com/\n\nWe attempted to make an http request to this URL but the request failed without a response.\n\nWe received this error at the network level:\n\n  > Error: getaddrinfo ENOTFOUND example-chatbot.com\n\nCommon situations why this would fail:\n  - you don't have internet access\n  - you forgot to run / boot your web server\n  - your web server isn't accessible\n  - you have weird network configuration settings on your computer\n\nBecause this error occurred during a `before each` hook we are skipping the remaining tests in the current suite: `Chatbot Tests`",
                "estack": "CypressError: `cy.visit()` failed trying to load:\n\nhttps://example-chatbot.com/\n\nWe attempted to make an http request to this URL but the request failed without a response.\n\nWe received this error at the network level:\n\n  > Error: getaddrinfo ENOTFOUND example-chatbot.com\n\nCommon situations why this would fail:\n  - you don't have internet access\n  - you forgot to run / boot your web server\n  - your web server isn't accessible\n  - you have weird network configuration settings on your computer\n\nBecause this error occurred during a `before each` hook we are skipping the remaining tests in the current suite: `Chatbot Tests`\n    at <unknown> (https://opensource-demo.orangehrmlive.com/__cypress/runner/cypress_runner.js:131607:74)\n    at visitFailedByErr (https://opensource-demo.orangehrmlive.com/__cypress/runner/cypress_runner.js:131006:12)\n    at <unknown> (https://opensource-demo.orangehrmlive.com/__cypress/runner/cypress_runner.js:131606:11)\n    at tryCatcher (https://opensource-demo.orangehrmlive.com/__cypress/runner/cypress_runner.js:1830:23)\n    at Promise._settlePromiseFromHandler (https://opensource-demo.orangehrmlive.com/__cypress/runner/cypress_runner.js:1542:31)\n    at Promise._settlePromise (https://opensource-demo.orangehrmlive.com/__cypress/runner/cypress_runner.js:1599:18)\n    at Promise._settlePromise0 (https://opensource-demo.orangehrmlive.com/__cypress/runner/cypress_runner.js:1644:10)\n    at Promise._settlePromises (https://opensource-demo.orangehrmlive.com/__cypress/runner/cypress_runner.js:1720:18)\n    at _drainQueueStep (https://opensource-demo.orangehrmlive.com/__cypress/runner/cypress_runner.js:2430:12)\n    at _drainQueue (https://opensource-demo.orangehrmlive.com/__cypress/runner/cypress_runner.js:2423:9)\n    at Async._drainQueues (https://opensource-demo.orangehrmlive.com/__cypress/runner/cypress_runner.js:2439:5)\n    at Async.drainQueues (https://opensource-demo.orangehrmlive.com/__cypress/runner/cypress_runner.js:2309:14)\nFrom Your Spec Code:\n    at Context.eval (webpack://cypress-project/./cypress/e2e/chatbot/chatbot.cy.js:5:11)\n\nFrom Node.js Internals:\n  Error: getaddrinfo ENOTFOUND example-chatbot.com\n      at GetAddrInfoReqWrap.onlookup [as oncomplete] (node:dns:108:26)",
                "diff": null
              },
              "uuid": "f72aebc1-3a43-43af-8fa1-462c7d20d97d",
              "parentUUID": "1404ecbc-b791-4312-8f55-811e86a8b958",
              "isHook": false,
              "skipped": false
            }
          ],
          "suites": [],
          "passes": [],
          "failures": [
            "f72aebc1-3a43-43af-8fa1-462c7d20d97d"
          ],
          "pending": [],
          "skipped": [],
          "duration": 862,
          "root": false,
          "rootEmpty": false,
          "_timeout": 2000
        }
      ],
      "passes": [],
      "failures": [],
      "pending": [],
      "skipped": [],
      "duration": 0,
      "root": true,
      "rootEmpty": true,
      "_timeout": 2000
    },
    {
      "uuid": "bb711c06-ce56-486e-8bd7-916cc3ecd819",
      "title": "",
      "fullFile": "cypress\\e2e\\web\\login.cy.js",
      "file": "cypress\\e2e\\web\\login.cy.js",
      "beforeHooks": [],
      "afterHooks": [],
      "tests": [],
      "suites": [
        {
          "uuid": "4a4b16ff-dc36-42f6-89e9-43959310b52c",
          "title": "OrangeHRM - Login",
          "fullFile": "",
          "file": "",
          "beforeHooks": [],
          "afterHooks": [],
          "tests": [
            {
              "title": "Should not login with invalid credentials",
              "fullTitle": "OrangeHRM - Login Should not login with invalid credentials",
              "timedOut": null,
              "duration": 2659,
              "state": "failed",
              "speed": null,
              "pass": false,
              "fail": true,
              "pending": false,
              "context": null,
              "code": "cy.fixture('user').then(user => {\n  _LoginPage.default.login(user.invalidUser.username, user.invalidUser.password);\n  _LoginPage.default.elements.errorMessage().should('be.visible');\n});",
              "err": {
                "message": "TypeError: _LoginPage.default.elements.errorMessage is not a function",
                "estack": "TypeError: _LoginPage.default.elements.errorMessage is not a function\n    at Context.eval (webpack://cypress-project/./cypress/e2e/web/login.cy.js:11:31)",
                "diff": null
              },
              "uuid": "7004d7a8-31f9-432e-a2fc-380421e0b926",
              "parentUUID": "4a4b16ff-dc36-42f6-89e9-43959310b52c",
              "isHook": false,
              "skipped": false
            },
            {
              "title": "SHould login successfully with valid credentials",
              "fullTitle": "OrangeHRM - Login SHould login successfully with valid credentials",
              "timedOut": null,
              "duration": 2875,
              "state": "passed",
              "speed": "fast",
              "pass": true,
              "fail": false,
              "pending": false,
              "context": null,
              "code": "cy.fixture('user').then(user => {\n  _LoginPage.default.login(user.validUser.username, user.validUser.password);\n  cy.url().should('include', '/dashboard');\n});",
              "err": {},
              "uuid": "034bd4f1-046f-489b-ace5-a37032b2bceb",
              "parentUUID": "4a4b16ff-dc36-42f6-89e9-43959310b52c",
              "isHook": false,
              "skipped": false
            }
          ],
          "suites": [],
          "passes": [
            "034bd4f1-046f-489b-ace5-a37032b2bceb"
          ],
          "failures": [
            "7004d7a8-31f9-432e-a2fc-380421e0b926"
          ],
          "pending": [],
          "skipped": [],
          "duration": 5534,
          "root": false,
          "rootEmpty": false,
          "_timeout": 2000
        }
      ],
      "passes": [],
      "failures": [],
      "pending": [],
      "skipped": [],
      "duration": 0,
      "root": true,
      "rootEmpty": true,
      "_timeout": 2000
    },
    {
      "uuid": "06a82b75-818c-4c13-85b5-4195b25db488",
      "title": "",
      "fullFile": "cypress\\e2e\\web\\myinfo.cy.js",
      "file": "cypress\\e2e\\web\\myinfo.cy.js",
      "beforeHooks": [],
      "afterHooks": [],
      "tests": [],
      "suites": [
        {
          "uuid": "3d18802b-b043-434d-bd77-88140e810d99",
          "title": "OrangeHRM - My Info Flow",
          "fullFile": "",
          "file": "",
          "beforeHooks": [],
          "afterHooks": [],
          "tests": [
            {
              "title": "Should update Personal Details in My Info Section",
              "fullTitle": "OrangeHRM - My Info Flow Should update Personal Details in My Info Section",
              "timedOut": null,
              "duration": 5258,
              "state": "failed",
              "speed": null,
              "pass": false,
              "fail": true,
              "pending": false,
              "context": null,
              "code": "cy.fixture('myInfo').then(data => {\n  _MyInfoPage.default.goToMyInfo();\n  _MyInfoPage.default.fillPersonalDetails(data);\n  _MyInfoPage.default.save();\n  //Asertion of saving (i.e success message or persistent values)\n  cy.contains('Successfully Updated').should('be.visible');\n});",
              "err": {
                "message": "TypeError: _MyInfoPage.default.goToMyInfo is not a function",
                "estack": "TypeError: _MyInfoPage.default.goToMyInfo is not a function\n    at Context.eval (webpack://cypress-project/./cypress/e2e/web/myinfo.cy.js:14:19)",
                "diff": null
              },
              "uuid": "006efb7c-7eb6-40b1-ae36-3fcb1cd02655",
              "parentUUID": "3d18802b-b043-434d-bd77-88140e810d99",
              "isHook": false,
              "skipped": false
            }
          ],
          "suites": [],
          "passes": [],
          "failures": [
            "006efb7c-7eb6-40b1-ae36-3fcb1cd02655"
          ],
          "pending": [],
          "skipped": [],
          "duration": 5258,
          "root": false,
          "rootEmpty": false,
          "_timeout": 2000
        }
      ],
      "passes": [],
      "failures": [],
      "pending": [],
      "skipped": [],
      "duration": 0,
      "root": true,
      "rootEmpty": true,
      "_timeout": 2000
    },
    {
      "uuid": "e0d803f4-39ee-41fb-a2c4-746eb9d764d9",
      "title": "",
      "fullFile": "cypress\\e2e\\web\\orangehrm.cy.js",
      "file": "cypress\\e2e\\web\\orangehrm.cy.js",
      "beforeHooks": [],
      "afterHooks": [],
      "tests": [],
      "suites": [
        {
          "uuid": "0a4f101f-2eb8-4a13-8906-a61b7d2f31c2",
          "title": "OrangeHRM Automation Suite",
          "fullFile": "",
          "file": "",
          "beforeHooks": [],
          "afterHooks": [],
          "tests": [
            {
              "title": "Invalid login should not access dashboard",
              "fullTitle": "OrangeHRM Automation Suite Invalid login should not access dashboard",
              "timedOut": null,
              "duration": 9079,
              "state": "passed",
              "speed": "medium",
              "pass": true,
              "fail": false,
              "pending": false,
              "context": null,
              "code": "cy.fixture('user').then(user => {\n  _LoginPage.default.login(user.invalidUser.username, user.invalidUser.password);\n  _LoginPage.default.elements.errorMsg().should('be.visible').and('contain', 'Invalid credentials');\n});",
              "err": {},
              "uuid": "baa2618b-0290-4fb9-b70b-1d2fa1d30924",
              "parentUUID": "0a4f101f-2eb8-4a13-8906-a61b7d2f31c2",
              "isHook": false,
              "skipped": false
            },
            {
              "title": "Valid login should access dashboard",
              "fullTitle": "OrangeHRM Automation Suite Valid login should access dashboard",
              "timedOut": null,
              "duration": 3382,
              "state": "passed",
              "speed": "fast",
              "pass": true,
              "fail": false,
              "pending": false,
              "context": null,
              "code": "cy.fixture('user').then(user => {\n  _LoginPage.default.login(user.validUser.username, user.validUser.password);\n  _DashboardPage.default.elements.dashboardHeader().should('contain', 'Dashboard');\n});",
              "err": {},
              "uuid": "176dd88a-62e3-47a6-b77f-48dd4e98f170",
              "parentUUID": "0a4f101f-2eb8-4a13-8906-a61b7d2f31c2",
              "isHook": false,
              "skipped": false
            },
            {
              "title": "Access My Info section and verify Personal Details",
              "fullTitle": "OrangeHRM Automation Suite Access My Info section and verify Personal Details",
              "timedOut": null,
              "duration": 5229,
              "state": "passed",
              "speed": "medium",
              "pass": true,
              "fail": false,
              "pending": false,
              "context": null,
              "code": "cy.fixture('user').then(user => {\n  _LoginPage.default.login(user.validUser.username, user.validUser.password);\n  _DashboardPage.default.goToMyInfo();\n  _MyInfoPage.default.elements.personalDetailsHeader().should('contain', 'Personal Details');\n});",
              "err": {},
              "uuid": "dcb94e55-66b3-457a-bf2d-59f3c5511d45",
              "parentUUID": "0a4f101f-2eb8-4a13-8906-a61b7d2f31c2",
              "isHook": false,
              "skipped": false
            },
            {
              "title": "Fill and save Personal Details",
              "fullTitle": "OrangeHRM Automation Suite Fill and save Personal Details",
              "timedOut": null,
              "duration": 9573,
              "state": "passed",
              "speed": "medium",
              "pass": true,
              "fail": false,
              "pending": false,
              "context": null,
              "code": "cy.fixture('personalDetails').then(data => {\n  _LoginPage.default.login('Admin', 'admin123');\n  _DashboardPage.default.goToMyInfo();\n  _MyInfoPage.default.fillPersonalDetails(data);\n});",
              "err": {},
              "uuid": "b7af848f-2503-405d-b5e9-75c78d004ea6",
              "parentUUID": "0a4f101f-2eb8-4a13-8906-a61b7d2f31c2",
              "isHook": false,
              "skipped": false
            },
            {
              "title": "Fill and save Custom Fields",
              "fullTitle": "OrangeHRM Automation Suite Fill and save Custom Fields",
              "timedOut": null,
              "duration": 5871,
              "state": "passed",
              "speed": "medium",
              "pass": true,
              "fail": false,
              "pending": false,
              "context": null,
              "code": "cy.fixture('customFields').then(data => {\n  _LoginPage.default.login('Admin', 'admin123');\n  _DashboardPage.default.goToMyInfo();\n  _MyInfoPage.default.fillCustomFields(data);\n});",
              "err": {},
              "uuid": "54943c62-f9c7-46a9-b078-c72576cca3f7",
              "parentUUID": "0a4f101f-2eb8-4a13-8906-a61b7d2f31c2",
              "isHook": false,
              "skipped": false
            },
            {
              "title": "Handle Attachments actions",
              "fullTitle": "OrangeHRM Automation Suite Handle Attachments actions",
              "timedOut": null,
              "duration": 15073,
              "state": "passed",
              "speed": "slow",
              "pass": true,
              "fail": false,
              "pending": false,
              "context": null,
              "code": "const originalFile = 'testing-image.png';\nconst newFile = 'testing-image2.png';\n_LoginPage.default.login('Admin', 'admin123');\n_DashboardPage.default.goToMyInfo();\n// 1. Subir archivo original\n_AttachmentsPage.default.uploadFile(originalFile);\n// 2. Editar archivo con nuevo nombre\n_AttachmentsPage.default.editFile(newFile);\n// 3. Descargar archivo (opcional)\n_AttachmentsPage.default.downloadFile();\n// 4. Eliminar archivo nuevo\n_AttachmentsPage.default.deleteFile(newFile);",
              "err": {},
              "uuid": "c2c54bf8-fb76-41a1-a76f-cb6fbb407a96",
              "parentUUID": "0a4f101f-2eb8-4a13-8906-a61b7d2f31c2",
              "isHook": false,
              "skipped": false
            },
            {
              "title": "Logout from dashboard",
              "fullTitle": "OrangeHRM Automation Suite Logout from dashboard",
              "timedOut": null,
              "duration": 5428,
              "state": "passed",
              "speed": "medium",
              "pass": true,
              "fail": false,
              "pending": false,
              "context": null,
              "code": "_LoginPage.default.login('Admin', 'admin123');\n// Esperar dashboard cargado\n_DashboardPage.default.elements.dashboardHeader().should('contain', 'Dashboard');\n// Abrir dropdown del usuario\ncy.get('span.oxd-userdropdown-tab').click();\n// Seleccionar Logout\ncy.get('a.oxd-userdropdown-link').contains('Logout').click();\n// Validar que regresó a login\ncy.url().should('include', '/auth/login');",
              "err": {},
              "uuid": "2f4960ef-67bd-4fd5-8770-65f2145bb76a",
              "parentUUID": "0a4f101f-2eb8-4a13-8906-a61b7d2f31c2",
              "isHook": false,
              "skipped": false
            }
          ],
          "suites": [],
          "passes": [
            "baa2618b-0290-4fb9-b70b-1d2fa1d30924",
            "176dd88a-62e3-47a6-b77f-48dd4e98f170",
            "dcb94e55-66b3-457a-bf2d-59f3c5511d45",
            "b7af848f-2503-405d-b5e9-75c78d004ea6",
            "54943c62-f9c7-46a9-b078-c72576cca3f7",
            "c2c54bf8-fb76-41a1-a76f-cb6fbb407a96",
            "2f4960ef-67bd-4fd5-8770-65f2145bb76a"
          ],
          "failures": [],
          "pending": [],
          "skipped": [],
          "duration": 53635,
          "root": false,
          "rootEmpty": false,
          "_timeout": 2000
        }
      ],
      "passes": [],
      "failures": [],
      "pending": [],
      "skipped": [],
      "duration": 0,
      "root": true,
      "rootEmpty": true,
      "_timeout": 2000
    },
    {
      "uuid": "9be0ab62-299c-4dfc-b8e1-f0a7e8145f3d",
      "title": "",
      "fullFile": "cypress\\e2e\\chatbot\\chatbot.cy.js",
      "file": "cypress\\e2e\\chatbot\\chatbot.cy.js",
      "beforeHooks": [],
      "afterHooks": [],
      "tests": [],
      "suites": [
        {
          "uuid": "171c92a2-1aaf-4ad2-899c-459d3670e794",
          "title": "Chatbot Tests",
          "fullFile": "",
          "file": "",
          "beforeHooks": [],
          "afterHooks": [],
          "tests": [
            {
              "title": "Should interact with chatbot",
              "fullTitle": "Chatbot Tests Should interact with chatbot",
              "timedOut": null,
              "duration": 1075,
              "state": "failed",
              "speed": null,
              "pass": false,
              "fail": true,
              "pending": false,
              "context": null,
              "code": "_ChatbotPage.default.sendMessage('Hola');\n_ChatbotPage.default.elements.response().should('contain.text', 'Hola');",
              "err": {
                "message": "CypressError: `cy.visit()` failed trying to load:\n\nhttps://example-chatbot.com/\n\nWe attempted to make an http request to this URL but the request failed without a response.\n\nWe received this error at the network level:\n\n  > Error: getaddrinfo ENOTFOUND example-chatbot.com\n\nCommon situations why this would fail:\n  - you don't have internet access\n  - you forgot to run / boot your web server\n  - your web server isn't accessible\n  - you have weird network configuration settings on your computer\n\nBecause this error occurred during a `before each` hook we are skipping the remaining tests in the current suite: `Chatbot Tests`",
                "estack": "CypressError: `cy.visit()` failed trying to load:\n\nhttps://example-chatbot.com/\n\nWe attempted to make an http request to this URL but the request failed without a response.\n\nWe received this error at the network level:\n\n  > Error: getaddrinfo ENOTFOUND example-chatbot.com\n\nCommon situations why this would fail:\n  - you don't have internet access\n  - you forgot to run / boot your web server\n  - your web server isn't accessible\n  - you have weird network configuration settings on your computer\n\nBecause this error occurred during a `before each` hook we are skipping the remaining tests in the current suite: `Chatbot Tests`\n    at <unknown> (https://opensource-demo.orangehrmlive.com/__cypress/runner/cypress_runner.js:131607:74)\n    at visitFailedByErr (https://opensource-demo.orangehrmlive.com/__cypress/runner/cypress_runner.js:131006:12)\n    at <unknown> (https://opensource-demo.orangehrmlive.com/__cypress/runner/cypress_runner.js:131606:11)\n    at tryCatcher (https://opensource-demo.orangehrmlive.com/__cypress/runner/cypress_runner.js:1830:23)\n    at Promise._settlePromiseFromHandler (https://opensource-demo.orangehrmlive.com/__cypress/runner/cypress_runner.js:1542:31)\n    at Promise._settlePromise (https://opensource-demo.orangehrmlive.com/__cypress/runner/cypress_runner.js:1599:18)\n    at Promise._settlePromise0 (https://opensource-demo.orangehrmlive.com/__cypress/runner/cypress_runner.js:1644:10)\n    at Promise._settlePromises (https://opensource-demo.orangehrmlive.com/__cypress/runner/cypress_runner.js:1720:18)\n    at _drainQueueStep (https://opensource-demo.orangehrmlive.com/__cypress/runner/cypress_runner.js:2430:12)\n    at _drainQueue (https://opensource-demo.orangehrmlive.com/__cypress/runner/cypress_runner.js:2423:9)\n    at Async._drainQueues (https://opensource-demo.orangehrmlive.com/__cypress/runner/cypress_runner.js:2439:5)\n    at Async.drainQueues (https://opensource-demo.orangehrmlive.com/__cypress/runner/cypress_runner.js:2309:14)\nFrom Your Spec Code:\n    at Context.eval (webpack://cypress-project/./cypress/e2e/chatbot/chatbot.cy.js:5:11)\n\nFrom Node.js Internals:\n  Error: getaddrinfo ENOTFOUND example-chatbot.com\n      at GetAddrInfoReqWrap.onlookup [as oncomplete] (node:dns:108:26)",
                "diff": null
              },
              "uuid": "4932ea29-8bdc-4d0f-89f8-b802956f0081",
              "parentUUID": "171c92a2-1aaf-4ad2-899c-459d3670e794",
              "isHook": false,
              "skipped": false
            }
          ],
          "suites": [],
          "passes": [],
          "failures": [
            "4932ea29-8bdc-4d0f-89f8-b802956f0081"
          ],
          "pending": [],
          "skipped": [],
          "duration": 1075,
          "root": false,
          "rootEmpty": false,
          "_timeout": 2000
        }
      ],
      "passes": [],
      "failures": [],
      "pending": [],
      "skipped": [],
      "duration": 0,
      "root": true,
      "rootEmpty": true,
      "_timeout": 2000
    },
    {
      "uuid": "d42d8d32-b4ba-4d2a-b914-0740d09c8a8c",
      "title": "",
      "fullFile": "cypress\\e2e\\web\\login.cy.js",
      "file": "cypress\\e2e\\web\\login.cy.js",
      "beforeHooks": [],
      "afterHooks": [],
      "tests": [],
      "suites": [
        {
          "uuid": "c999f394-927f-4078-a4df-7d29ee00c6b6",
          "title": "OrangeHRM - Login",
          "fullFile": "",
          "file": "",
          "beforeHooks": [],
          "afterHooks": [],
          "tests": [
            {
              "title": "Should not login with invalid credentials",
              "fullTitle": "OrangeHRM - Login Should not login with invalid credentials",
              "timedOut": null,
              "duration": 11661,
              "state": "failed",
              "speed": null,
              "pass": false,
              "fail": true,
              "pending": false,
              "context": null,
              "code": "cy.fixture('user').then(user => {\n  _LoginPage.default.login(user.invalidUser.username, user.invalidUser.password);\n  _LoginPage.default.elements.errorMessage().should('be.visible');\n});",
              "err": {
                "message": "TypeError: _LoginPage.default.elements.errorMessage is not a function",
                "estack": "TypeError: _LoginPage.default.elements.errorMessage is not a function\n    at Context.eval (webpack://cypress-project/./cypress/e2e/web/login.cy.js:11:31)",
                "diff": null
              },
              "uuid": "28c4ffb6-ea41-4b4c-81ba-b421e1cf2a10",
              "parentUUID": "c999f394-927f-4078-a4df-7d29ee00c6b6",
              "isHook": false,
              "skipped": false
            },
            {
              "title": "SHould login successfully with valid credentials",
              "fullTitle": "OrangeHRM - Login SHould login successfully with valid credentials",
              "timedOut": null,
              "duration": 5590,
              "state": "passed",
              "speed": "medium",
              "pass": true,
              "fail": false,
              "pending": false,
              "context": null,
              "code": "cy.fixture('user').then(user => {\n  _LoginPage.default.login(user.validUser.username, user.validUser.password);\n  cy.url().should('include', '/dashboard');\n});",
              "err": {},
              "uuid": "f9dc8786-6a51-49c3-8a3a-93b2d994f35c",
              "parentUUID": "c999f394-927f-4078-a4df-7d29ee00c6b6",
              "isHook": false,
              "skipped": false
            }
          ],
          "suites": [],
          "passes": [
            "f9dc8786-6a51-49c3-8a3a-93b2d994f35c"
          ],
          "failures": [
            "28c4ffb6-ea41-4b4c-81ba-b421e1cf2a10"
          ],
          "pending": [],
          "skipped": [],
          "duration": 17251,
          "root": false,
          "rootEmpty": false,
          "_timeout": 2000
        }
      ],
      "passes": [],
      "failures": [],
      "pending": [],
      "skipped": [],
      "duration": 0,
      "root": true,
      "rootEmpty": true,
      "_timeout": 2000
    },
    {
      "uuid": "27eb303a-1908-45f7-95ec-4e8b485bb1e5",
      "title": "",
      "fullFile": "cypress\\e2e\\web\\myinfo.cy.js",
      "file": "cypress\\e2e\\web\\myinfo.cy.js",
      "beforeHooks": [],
      "afterHooks": [],
      "tests": [],
      "suites": [
        {
          "uuid": "78f31d0f-9a39-4d2e-979a-7991477fe94d",
          "title": "OrangeHRM - My Info Flow",
          "fullFile": "",
          "file": "",
          "beforeHooks": [],
          "afterHooks": [],
          "tests": [
            {
              "title": "Should update Personal Details in My Info Section",
              "fullTitle": "OrangeHRM - My Info Flow Should update Personal Details in My Info Section",
              "timedOut": null,
              "duration": 15761,
              "state": "failed",
              "speed": null,
              "pass": false,
              "fail": true,
              "pending": false,
              "context": null,
              "code": "cy.fixture('myInfo').then(data => {\n  _MyInfoPage.default.goToMyInfo();\n  _MyInfoPage.default.fillPersonalDetails(data);\n  _MyInfoPage.default.save();\n  //Asertion of saving (i.e success message or persistent values)\n  cy.contains('Successfully Updated').should('be.visible');\n});",
              "err": {
                "message": "TypeError: _MyInfoPage.default.goToMyInfo is not a function",
                "estack": "TypeError: _MyInfoPage.default.goToMyInfo is not a function\n    at Context.eval (webpack://cypress-project/./cypress/e2e/web/myinfo.cy.js:14:19)",
                "diff": null
              },
              "uuid": "9fa59100-f7fc-4c15-b95b-70b766348e19",
              "parentUUID": "78f31d0f-9a39-4d2e-979a-7991477fe94d",
              "isHook": false,
              "skipped": false
            }
          ],
          "suites": [],
          "passes": [],
          "failures": [
            "9fa59100-f7fc-4c15-b95b-70b766348e19"
          ],
          "pending": [],
          "skipped": [],
          "duration": 15761,
          "root": false,
          "rootEmpty": false,
          "_timeout": 2000
        }
      ],
      "passes": [],
      "failures": [],
      "pending": [],
      "skipped": [],
      "duration": 0,
      "root": true,
      "rootEmpty": true,
      "_timeout": 2000
    },
    {
      "uuid": "137c4cb0-dc08-4238-9d95-582ed0c7c78d",
      "title": "",
      "fullFile": "cypress\\e2e\\web\\orangehrm.cy.js",
      "file": "cypress\\e2e\\web\\orangehrm.cy.js",
      "beforeHooks": [],
      "afterHooks": [],
      "tests": [],
      "suites": [
        {
          "uuid": "d45c45a9-9657-4832-a120-6186b360c4e5",
          "title": "OrangeHRM Automation Suite",
          "fullFile": "",
          "file": "",
          "beforeHooks": [],
          "afterHooks": [],
          "tests": [
            {
              "title": "Invalid login should not access dashboard",
              "fullTitle": "OrangeHRM Automation Suite Invalid login should not access dashboard",
              "timedOut": null,
              "duration": 12731,
              "state": "passed",
              "speed": "slow",
              "pass": true,
              "fail": false,
              "pending": false,
              "context": null,
              "code": "cy.fixture('user').then(user => {\n  _LoginPage.default.login(user.invalidUser.username, user.invalidUser.password);\n  _LoginPage.default.elements.errorMsg().should('be.visible').and('contain', 'Invalid credentials');\n});",
              "err": {},
              "uuid": "ae4cb6c9-411f-4625-8263-670806a92597",
              "parentUUID": "d45c45a9-9657-4832-a120-6186b360c4e5",
              "isHook": false,
              "skipped": false
            },
            {
              "title": "Valid login should access dashboard",
              "fullTitle": "OrangeHRM Automation Suite Valid login should access dashboard",
              "timedOut": null,
              "duration": 4426,
              "state": "passed",
              "speed": "fast",
              "pass": true,
              "fail": false,
              "pending": false,
              "context": null,
              "code": "cy.fixture('user').then(user => {\n  _LoginPage.default.login(user.validUser.username, user.validUser.password);\n  _DashboardPage.default.elements.dashboardHeader().should('contain', 'Dashboard');\n});",
              "err": {},
              "uuid": "84603ae1-b466-4fa2-a321-8147d584cbc1",
              "parentUUID": "d45c45a9-9657-4832-a120-6186b360c4e5",
              "isHook": false,
              "skipped": false
            },
            {
              "title": "Access My Info section and verify Personal Details",
              "fullTitle": "OrangeHRM Automation Suite Access My Info section and verify Personal Details",
              "timedOut": null,
              "duration": 6043,
              "state": "passed",
              "speed": "medium",
              "pass": true,
              "fail": false,
              "pending": false,
              "context": null,
              "code": "cy.fixture('user').then(user => {\n  _LoginPage.default.login(user.validUser.username, user.validUser.password);\n  _DashboardPage.default.goToMyInfo();\n  _MyInfoPage.default.elements.personalDetailsHeader().should('contain', 'Personal Details');\n});",
              "err": {},
              "uuid": "07048bd9-4f28-4a37-b04e-1fb28c35cd4e",
              "parentUUID": "d45c45a9-9657-4832-a120-6186b360c4e5",
              "isHook": false,
              "skipped": false
            },
            {
              "title": "Fill and save Personal Details",
              "fullTitle": "OrangeHRM Automation Suite Fill and save Personal Details",
              "timedOut": null,
              "duration": 8907,
              "state": "passed",
              "speed": "medium",
              "pass": true,
              "fail": false,
              "pending": false,
              "context": null,
              "code": "cy.fixture('personalDetails').then(data => {\n  _LoginPage.default.login('Admin', 'admin123');\n  _DashboardPage.default.goToMyInfo();\n  _MyInfoPage.default.fillPersonalDetails(data);\n});",
              "err": {},
              "uuid": "29fb96a2-76fa-42e5-844b-d804005cb729",
              "parentUUID": "d45c45a9-9657-4832-a120-6186b360c4e5",
              "isHook": false,
              "skipped": false
            },
            {
              "title": "Fill and save Custom Fields",
              "fullTitle": "OrangeHRM Automation Suite Fill and save Custom Fields",
              "timedOut": null,
              "duration": 6159,
              "state": "passed",
              "speed": "medium",
              "pass": true,
              "fail": false,
              "pending": false,
              "context": null,
              "code": "cy.fixture('customFields').then(data => {\n  _LoginPage.default.login('Admin', 'admin123');\n  _DashboardPage.default.goToMyInfo();\n  _MyInfoPage.default.fillCustomFields(data);\n});",
              "err": {},
              "uuid": "84b50c01-4983-41b4-a55b-f0b9ab4c9d7e",
              "parentUUID": "d45c45a9-9657-4832-a120-6186b360c4e5",
              "isHook": false,
              "skipped": false
            },
            {
              "title": "Handle Attachments actions",
              "fullTitle": "OrangeHRM Automation Suite Handle Attachments actions",
              "timedOut": null,
              "duration": 16716,
              "state": "passed",
              "speed": "slow",
              "pass": true,
              "fail": false,
              "pending": false,
              "context": null,
              "code": "const originalFile = 'testing-image.png';\nconst newFile = 'testing-image2.png';\n_LoginPage.default.login('Admin', 'admin123');\n_DashboardPage.default.goToMyInfo();\n// 1. Subir archivo original\n_AttachmentsPage.default.uploadFile(originalFile);\n// 2. Editar archivo con nuevo nombre\n_AttachmentsPage.default.editFile(newFile);\n// 3. Descargar archivo (opcional)\n_AttachmentsPage.default.downloadFile();\n// 4. Eliminar archivo nuevo\n_AttachmentsPage.default.deleteFile(newFile);",
              "err": {},
              "uuid": "29ed99a7-eb05-4e4d-92a7-76e44fe86b9a",
              "parentUUID": "d45c45a9-9657-4832-a120-6186b360c4e5",
              "isHook": false,
              "skipped": false
            },
            {
              "title": "Logout from dashboard",
              "fullTitle": "OrangeHRM Automation Suite Logout from dashboard",
              "timedOut": null,
              "duration": 10415,
              "state": "passed",
              "speed": "slow",
              "pass": true,
              "fail": false,
              "pending": false,
              "context": null,
              "code": "_LoginPage.default.login('Admin', 'admin123');\n// Esperar dashboard cargado\n_DashboardPage.default.elements.dashboardHeader().should('contain', 'Dashboard');\n// Abrir dropdown del usuario\ncy.get('span.oxd-userdropdown-tab').click();\n// Seleccionar Logout\ncy.get('a.oxd-userdropdown-link').contains('Logout').click();\n// Validar que regresó a login\ncy.url().should('include', '/auth/login');",
              "err": {},
              "uuid": "8db017c0-01f2-421f-bed9-dca6821ce263",
              "parentUUID": "d45c45a9-9657-4832-a120-6186b360c4e5",
              "isHook": false,
              "skipped": false
            }
          ],
          "suites": [],
          "passes": [
            "ae4cb6c9-411f-4625-8263-670806a92597",
            "84603ae1-b466-4fa2-a321-8147d584cbc1",
            "07048bd9-4f28-4a37-b04e-1fb28c35cd4e",
            "29fb96a2-76fa-42e5-844b-d804005cb729",
            "84b50c01-4983-41b4-a55b-f0b9ab4c9d7e",
            "29ed99a7-eb05-4e4d-92a7-76e44fe86b9a",
            "8db017c0-01f2-421f-bed9-dca6821ce263"
          ],
          "failures": [],
          "pending": [],
          "skipped": [],
          "duration": 65397,
          "root": false,
          "rootEmpty": false,
          "_timeout": 2000
        }
      ],
      "passes": [],
      "failures": [],
      "pending": [],
      "skipped": [],
      "duration": 0,
      "root": true,
      "rootEmpty": true,
      "_timeout": 2000
    }
  ],
  "meta": {
    "mocha": {
      "version": "7.0.1"
    },
    "mochawesome": {
      "options": {
        "quiet": false,
        "reportFilename": "mochawesome",
        "saveHtml": false,
        "saveJson": true,
        "consoleReporter": "spec",
        "useInlineDiffs": false,
        "code": true
      },
      "version": "7.1.4"
    },
    "marge": {
      "options": {
        "reportDir": "cypress/reports",
        "overwrite": false,
        "html": false,
        "json": true,
        "charts": true,
        "embeddedScreenshots": true,
        "inlineAssets": true,
        "timestamp": "mmddyyyy_HHMMss"
      },
      "version": "6.3.0"
    }
  }
}