{
  "stats": {
    "suites": 1,
    "tests": 2,
    "passes": 1,
    "pending": 0,
    "failures": 1,
    "start": "2025-09-21T07:11:39.778Z",
    "end": "2025-09-21T07:11:45.377Z",
    "duration": 5599,
    "testsRegistered": 2,
    "passPercent": 50,
    "pendingPercent": 0,
    "other": 0,
    "hasOther": false,
    "skipped": 0,
    "hasSkipped": false
  },
  "results": [
    {
      "uuid": "bb711c06-ce56-486e-8bd7-916cc3ecd819",
      "title": "",
      "fullFile": "cypress\\e2e\\web\\login.cy.js",
      "file": "cypress\\e2e\\web\\login.cy.js",
      "beforeHooks": [],
      "afterHooks": [],
      "tests": [],
      "suites": [
        {
          "uuid": "4a4b16ff-dc36-42f6-89e9-43959310b52c",
          "title": "OrangeHRM - Login",
          "fullFile": "",
          "file": "",
          "beforeHooks": [],
          "afterHooks": [],
          "tests": [
            {
              "title": "Should not login with invalid credentials",
              "fullTitle": "OrangeHRM - Login Should not login with invalid credentials",
              "timedOut": null,
              "duration": 2659,
              "state": "failed",
              "speed": null,
              "pass": false,
              "fail": true,
              "pending": false,
              "context": null,
              "code": "cy.fixture('user').then(user => {\n  _LoginPage.default.login(user.invalidUser.username, user.invalidUser.password);\n  _LoginPage.default.elements.errorMessage().should('be.visible');\n});",
              "err": {
                "message": "TypeError: _LoginPage.default.elements.errorMessage is not a function",
                "estack": "TypeError: _LoginPage.default.elements.errorMessage is not a function\n    at Context.eval (webpack://cypress-project/./cypress/e2e/web/login.cy.js:11:31)",
                "diff": null
              },
              "uuid": "7004d7a8-31f9-432e-a2fc-380421e0b926",
              "parentUUID": "4a4b16ff-dc36-42f6-89e9-43959310b52c",
              "isHook": false,
              "skipped": false
            },
            {
              "title": "SHould login successfully with valid credentials",
              "fullTitle": "OrangeHRM - Login SHould login successfully with valid credentials",
              "timedOut": null,
              "duration": 2875,
              "state": "passed",
              "speed": "fast",
              "pass": true,
              "fail": false,
              "pending": false,
              "context": null,
              "code": "cy.fixture('user').then(user => {\n  _LoginPage.default.login(user.validUser.username, user.validUser.password);\n  cy.url().should('include', '/dashboard');\n});",
              "err": {},
              "uuid": "034bd4f1-046f-489b-ace5-a37032b2bceb",
              "parentUUID": "4a4b16ff-dc36-42f6-89e9-43959310b52c",
              "isHook": false,
              "skipped": false
            }
          ],
          "suites": [],
          "passes": [
            "034bd4f1-046f-489b-ace5-a37032b2bceb"
          ],
          "failures": [
            "7004d7a8-31f9-432e-a2fc-380421e0b926"
          ],
          "pending": [],
          "skipped": [],
          "duration": 5534,
          "root": false,
          "rootEmpty": false,
          "_timeout": 2000
        }
      ],
      "passes": [],
      "failures": [],
      "pending": [],
      "skipped": [],
      "duration": 0,
      "root": true,
      "rootEmpty": true,
      "_timeout": 2000
    }
  ],
  "meta": {
    "mocha": {
      "version": "7.0.1"
    },
    "mochawesome": {
      "options": {
        "quiet": false,
        "reportFilename": "mochawesome",
        "saveHtml": false,
        "saveJson": true,
        "consoleReporter": "spec",
        "useInlineDiffs": false,
        "code": true
      },
      "version": "7.1.4"
    },
    "marge": {
      "options": {
        "reportDir": "cypress/reports",
        "overwrite": false,
        "html": false,
        "json": true,
        "charts": true,
        "embeddedScreenshots": true,
        "inlineAssets": true,
        "timestamp": "mmddyyyy_HHMMss"
      },
      "version": "6.3.0"
    }
  }
}