{
  "stats": {
    "suites": 1,
    "tests": 7,
    "passes": 7,
    "pending": 0,
    "failures": 0,
    "start": "2025-09-21T07:11:53.776Z",
    "end": "2025-09-21T07:12:47.752Z",
    "duration": 53976,
    "testsRegistered": 7,
    "passPercent": 100,
    "pendingPercent": 0,
    "other": 0,
    "hasOther": false,
    "skipped": 0,
    "hasSkipped": false
  },
  "results": [
    {
      "uuid": "e0d803f4-39ee-41fb-a2c4-746eb9d764d9",
      "title": "",
      "fullFile": "cypress\\e2e\\web\\orangehrm.cy.js",
      "file": "cypress\\e2e\\web\\orangehrm.cy.js",
      "beforeHooks": [],
      "afterHooks": [],
      "tests": [],
      "suites": [
        {
          "uuid": "0a4f101f-2eb8-4a13-8906-a61b7d2f31c2",
          "title": "OrangeHRM Automation Suite",
          "fullFile": "",
          "file": "",
          "beforeHooks": [],
          "afterHooks": [],
          "tests": [
            {
              "title": "Invalid login should not access dashboard",
              "fullTitle": "OrangeHRM Automation Suite Invalid login should not access dashboard",
              "timedOut": null,
              "duration": 9079,
              "state": "passed",
              "speed": "medium",
              "pass": true,
              "fail": false,
              "pending": false,
              "context": null,
              "code": "cy.fixture('user').then(user => {\n  _LoginPage.default.login(user.invalidUser.username, user.invalidUser.password);\n  _LoginPage.default.elements.errorMsg().should('be.visible').and('contain', 'Invalid credentials');\n});",
              "err": {},
              "uuid": "baa2618b-0290-4fb9-b70b-1d2fa1d30924",
              "parentUUID": "0a4f101f-2eb8-4a13-8906-a61b7d2f31c2",
              "isHook": false,
              "skipped": false
            },
            {
              "title": "Valid login should access dashboard",
              "fullTitle": "OrangeHRM Automation Suite Valid login should access dashboard",
              "timedOut": null,
              "duration": 3382,
              "state": "passed",
              "speed": "fast",
              "pass": true,
              "fail": false,
              "pending": false,
              "context": null,
              "code": "cy.fixture('user').then(user => {\n  _LoginPage.default.login(user.validUser.username, user.validUser.password);\n  _DashboardPage.default.elements.dashboardHeader().should('contain', 'Dashboard');\n});",
              "err": {},
              "uuid": "176dd88a-62e3-47a6-b77f-48dd4e98f170",
              "parentUUID": "0a4f101f-2eb8-4a13-8906-a61b7d2f31c2",
              "isHook": false,
              "skipped": false
            },
            {
              "title": "Access My Info section and verify Personal Details",
              "fullTitle": "OrangeHRM Automation Suite Access My Info section and verify Personal Details",
              "timedOut": null,
              "duration": 5229,
              "state": "passed",
              "speed": "medium",
              "pass": true,
              "fail": false,
              "pending": false,
              "context": null,
              "code": "cy.fixture('user').then(user => {\n  _LoginPage.default.login(user.validUser.username, user.validUser.password);\n  _DashboardPage.default.goToMyInfo();\n  _MyInfoPage.default.elements.personalDetailsHeader().should('contain', 'Personal Details');\n});",
              "err": {},
              "uuid": "dcb94e55-66b3-457a-bf2d-59f3c5511d45",
              "parentUUID": "0a4f101f-2eb8-4a13-8906-a61b7d2f31c2",
              "isHook": false,
              "skipped": false
            },
            {
              "title": "Fill and save Personal Details",
              "fullTitle": "OrangeHRM Automation Suite Fill and save Personal Details",
              "timedOut": null,
              "duration": 9573,
              "state": "passed",
              "speed": "medium",
              "pass": true,
              "fail": false,
              "pending": false,
              "context": null,
              "code": "cy.fixture('personalDetails').then(data => {\n  _LoginPage.default.login('Admin', 'admin123');\n  _DashboardPage.default.goToMyInfo();\n  _MyInfoPage.default.fillPersonalDetails(data);\n});",
              "err": {},
              "uuid": "b7af848f-2503-405d-b5e9-75c78d004ea6",
              "parentUUID": "0a4f101f-2eb8-4a13-8906-a61b7d2f31c2",
              "isHook": false,
              "skipped": false
            },
            {
              "title": "Fill and save Custom Fields",
              "fullTitle": "OrangeHRM Automation Suite Fill and save Custom Fields",
              "timedOut": null,
              "duration": 5871,
              "state": "passed",
              "speed": "medium",
              "pass": true,
              "fail": false,
              "pending": false,
              "context": null,
              "code": "cy.fixture('customFields').then(data => {\n  _LoginPage.default.login('Admin', 'admin123');\n  _DashboardPage.default.goToMyInfo();\n  _MyInfoPage.default.fillCustomFields(data);\n});",
              "err": {},
              "uuid": "54943c62-f9c7-46a9-b078-c72576cca3f7",
              "parentUUID": "0a4f101f-2eb8-4a13-8906-a61b7d2f31c2",
              "isHook": false,
              "skipped": false
            },
            {
              "title": "Handle Attachments actions",
              "fullTitle": "OrangeHRM Automation Suite Handle Attachments actions",
              "timedOut": null,
              "duration": 15073,
              "state": "passed",
              "speed": "slow",
              "pass": true,
              "fail": false,
              "pending": false,
              "context": null,
              "code": "const originalFile = 'testing-image.png';\nconst newFile = 'testing-image2.png';\n_LoginPage.default.login('Admin', 'admin123');\n_DashboardPage.default.goToMyInfo();\n// 1. Subir archivo original\n_AttachmentsPage.default.uploadFile(originalFile);\n// 2. Editar archivo con nuevo nombre\n_AttachmentsPage.default.editFile(newFile);\n// 3. Descargar archivo (opcional)\n_AttachmentsPage.default.downloadFile();\n// 4. Eliminar archivo nuevo\n_AttachmentsPage.default.deleteFile(newFile);",
              "err": {},
              "uuid": "c2c54bf8-fb76-41a1-a76f-cb6fbb407a96",
              "parentUUID": "0a4f101f-2eb8-4a13-8906-a61b7d2f31c2",
              "isHook": false,
              "skipped": false
            },
            {
              "title": "Logout from dashboard",
              "fullTitle": "OrangeHRM Automation Suite Logout from dashboard",
              "timedOut": null,
              "duration": 5428,
              "state": "passed",
              "speed": "medium",
              "pass": true,
              "fail": false,
              "pending": false,
              "context": null,
              "code": "_LoginPage.default.login('Admin', 'admin123');\n// Esperar dashboard cargado\n_DashboardPage.default.elements.dashboardHeader().should('contain', 'Dashboard');\n// Abrir dropdown del usuario\ncy.get('span.oxd-userdropdown-tab').click();\n// Seleccionar Logout\ncy.get('a.oxd-userdropdown-link').contains('Logout').click();\n// Validar que regresó a login\ncy.url().should('include', '/auth/login');",
              "err": {},
              "uuid": "2f4960ef-67bd-4fd5-8770-65f2145bb76a",
              "parentUUID": "0a4f101f-2eb8-4a13-8906-a61b7d2f31c2",
              "isHook": false,
              "skipped": false
            }
          ],
          "suites": [],
          "passes": [
            "baa2618b-0290-4fb9-b70b-1d2fa1d30924",
            "176dd88a-62e3-47a6-b77f-48dd4e98f170",
            "dcb94e55-66b3-457a-bf2d-59f3c5511d45",
            "b7af848f-2503-405d-b5e9-75c78d004ea6",
            "54943c62-f9c7-46a9-b078-c72576cca3f7",
            "c2c54bf8-fb76-41a1-a76f-cb6fbb407a96",
            "2f4960ef-67bd-4fd5-8770-65f2145bb76a"
          ],
          "failures": [],
          "pending": [],
          "skipped": [],
          "duration": 53635,
          "root": false,
          "rootEmpty": false,
          "_timeout": 2000
        }
      ],
      "passes": [],
      "failures": [],
      "pending": [],
      "skipped": [],
      "duration": 0,
      "root": true,
      "rootEmpty": true,
      "_timeout": 2000
    }
  ],
  "meta": {
    "mocha": {
      "version": "7.0.1"
    },
    "mochawesome": {
      "options": {
        "quiet": false,
        "reportFilename": "mochawesome",
        "saveHtml": false,
        "saveJson": true,
        "consoleReporter": "spec",
        "useInlineDiffs": false,
        "code": true
      },
      "version": "7.1.4"
    },
    "marge": {
      "options": {
        "reportDir": "cypress/reports",
        "overwrite": false,
        "html": false,
        "json": true,
        "charts": true,
        "embeddedScreenshots": true,
        "inlineAssets": true,
        "timestamp": "mmddyyyy_HHMMss"
      },
      "version": "6.3.0"
    }
  }
}