{
  "stats": {
    "suites": 1,
    "tests": 1,
    "passes": 0,
    "pending": 0,
    "failures": 1,
    "start": "2025-09-21T15:57:51.688Z",
    "end": "2025-09-21T15:57:52.863Z",
    "duration": 1175,
    "testsRegistered": 1,
    "passPercent": 0,
    "pendingPercent": 0,
    "other": 0,
    "hasOther": false,
    "skipped": 0,
    "hasSkipped": false
  },
  "results": [
    {
      "uuid": "9be0ab62-299c-4dfc-b8e1-f0a7e8145f3d",
      "title": "",
      "fullFile": "cypress\\e2e\\chatbot\\chatbot.cy.js",
      "file": "cypress\\e2e\\chatbot\\chatbot.cy.js",
      "beforeHooks": [],
      "afterHooks": [],
      "tests": [],
      "suites": [
        {
          "uuid": "171c92a2-1aaf-4ad2-899c-459d3670e794",
          "title": "Chatbot Tests",
          "fullFile": "",
          "file": "",
          "beforeHooks": [],
          "afterHooks": [],
          "tests": [
            {
              "title": "Should interact with chatbot",
              "fullTitle": "Chatbot Tests Should interact with chatbot",
              "timedOut": null,
              "duration": 1075,
              "state": "failed",
              "speed": null,
              "pass": false,
              "fail": true,
              "pending": false,
              "context": null,
              "code": "_ChatbotPage.default.sendMessage('Hola');\n_ChatbotPage.default.elements.response().should('contain.text', 'Hola');",
              "err": {
                "message": "CypressError: `cy.visit()` failed trying to load:\n\nhttps://example-chatbot.com/\n\nWe attempted to make an http request to this URL but the request failed without a response.\n\nWe received this error at the network level:\n\n  > Error: getaddrinfo ENOTFOUND example-chatbot.com\n\nCommon situations why this would fail:\n  - you don't have internet access\n  - you forgot to run / boot your web server\n  - your web server isn't accessible\n  - you have weird network configuration settings on your computer\n\nBecause this error occurred during a `before each` hook we are skipping the remaining tests in the current suite: `Chatbot Tests`",
                "estack": "CypressError: `cy.visit()` failed trying to load:\n\nhttps://example-chatbot.com/\n\nWe attempted to make an http request to this URL but the request failed without a response.\n\nWe received this error at the network level:\n\n  > Error: getaddrinfo ENOTFOUND example-chatbot.com\n\nCommon situations why this would fail:\n  - you don't have internet access\n  - you forgot to run / boot your web server\n  - your web server isn't accessible\n  - you have weird network configuration settings on your computer\n\nBecause this error occurred during a `before each` hook we are skipping the remaining tests in the current suite: `Chatbot Tests`\n    at <unknown> (https://opensource-demo.orangehrmlive.com/__cypress/runner/cypress_runner.js:131607:74)\n    at visitFailedByErr (https://opensource-demo.orangehrmlive.com/__cypress/runner/cypress_runner.js:131006:12)\n    at <unknown> (https://opensource-demo.orangehrmlive.com/__cypress/runner/cypress_runner.js:131606:11)\n    at tryCatcher (https://opensource-demo.orangehrmlive.com/__cypress/runner/cypress_runner.js:1830:23)\n    at Promise._settlePromiseFromHandler (https://opensource-demo.orangehrmlive.com/__cypress/runner/cypress_runner.js:1542:31)\n    at Promise._settlePromise (https://opensource-demo.orangehrmlive.com/__cypress/runner/cypress_runner.js:1599:18)\n    at Promise._settlePromise0 (https://opensource-demo.orangehrmlive.com/__cypress/runner/cypress_runner.js:1644:10)\n    at Promise._settlePromises (https://opensource-demo.orangehrmlive.com/__cypress/runner/cypress_runner.js:1720:18)\n    at _drainQueueStep (https://opensource-demo.orangehrmlive.com/__cypress/runner/cypress_runner.js:2430:12)\n    at _drainQueue (https://opensource-demo.orangehrmlive.com/__cypress/runner/cypress_runner.js:2423:9)\n    at Async._drainQueues (https://opensource-demo.orangehrmlive.com/__cypress/runner/cypress_runner.js:2439:5)\n    at Async.drainQueues (https://opensource-demo.orangehrmlive.com/__cypress/runner/cypress_runner.js:2309:14)\nFrom Your Spec Code:\n    at Context.eval (webpack://cypress-project/./cypress/e2e/chatbot/chatbot.cy.js:5:11)\n\nFrom Node.js Internals:\n  Error: getaddrinfo ENOTFOUND example-chatbot.com\n      at GetAddrInfoReqWrap.onlookup [as oncomplete] (node:dns:108:26)",
                "diff": null
              },
              "uuid": "4932ea29-8bdc-4d0f-89f8-b802956f0081",
              "parentUUID": "171c92a2-1aaf-4ad2-899c-459d3670e794",
              "isHook": false,
              "skipped": false
            }
          ],
          "suites": [],
          "passes": [],
          "failures": [
            "4932ea29-8bdc-4d0f-89f8-b802956f0081"
          ],
          "pending": [],
          "skipped": [],
          "duration": 1075,
          "root": false,
          "rootEmpty": false,
          "_timeout": 2000
        }
      ],
      "passes": [],
      "failures": [],
      "pending": [],
      "skipped": [],
      "duration": 0,
      "root": true,
      "rootEmpty": true,
      "_timeout": 2000
    }
  ],
  "meta": {
    "mocha": {
      "version": "7.0.1"
    },
    "mochawesome": {
      "options": {
        "quiet": false,
        "reportFilename": "mochawesome",
        "saveHtml": false,
        "saveJson": true,
        "consoleReporter": "spec",
        "useInlineDiffs": false,
        "code": true
      },
      "version": "7.1.4"
    },
    "marge": {
      "options": {
        "reportDir": "cypress/reports",
        "overwrite": false,
        "html": false,
        "json": true,
        "charts": true,
        "embeddedScreenshots": true,
        "inlineAssets": true,
        "timestamp": "mmddyyyy_HHMMss"
      },
      "version": "6.3.0"
    }
  }
}